This is pdfTeX, Version 3.1415926-2.5-1.40.14 (TeX Live 2013/Debian) (format=pdflatex 2016.5.10)  10 JUN 2016 00:29
entering extended mode
 restricted \write18 enabled.
 %&-line parsing enabled.
**webrct-book.tex
(./webrct-book.tex
LaTeX2e <2011/06/27>
Babel <3.9h> and hyphenation patterns for 64 languages loaded.
(/usr/share/texlive/texmf-dist/tex/latex/base/book.cls
Document Class: book 2007/10/19 v1.4h Standard LaTeX document class
(/usr/share/texlive/texmf-dist/tex/latex/base/bk11.clo
File: bk11.clo 2007/10/19 v1.4h Standard LaTeX file (size option)
)
\c@part=\count79
\c@chapter=\count80
\c@section=\count81
\c@subsection=\count82
\c@subsubsection=\count83
\c@paragraph=\count84
\c@subparagraph=\count85
\c@figure=\count86
\c@table=\count87
\abovecaptionskip=\skip41
\belowcaptionskip=\skip42
\bibindent=\dimen102
)
(/usr/share/texlive/texmf-dist/tex/latex/psnfss/times.sty
Package: times 2005/04/12 PSNFSS-v9.2a (SPQR) 
)
(/usr/share/texlive/texmf-dist/tex/latex/base/fontenc.sty
Package: fontenc 2005/09/27 v1.99g Standard LaTeX package

(/usr/share/texlive/texmf-dist/tex/latex/base/t1enc.def
File: t1enc.def 2005/09/27 v1.99g Standard LaTeX file
LaTeX Font Info:    Redeclaring font encoding T1 on input line 43.
))
(/usr/share/texlive/texmf-dist/tex/latex/base/inputenc.sty
Package: inputenc 2008/03/30 v1.1d Input encoding file
\inpenc@prehook=\toks14
\inpenc@posthook=\toks15

(/usr/share/texlive/texmf-dist/tex/latex/base/utf8.def
File: utf8.def 2008/04/05 v1.1m UTF-8 support for inputenc
Now handling font encoding OML ...
... no UTF-8 mapping file for font encoding OML
Now handling font encoding T1 ...
... processing UTF-8 mapping file for font encoding T1

(/usr/share/texlive/texmf-dist/tex/latex/base/t1enc.dfu
File: t1enc.dfu 2008/04/05 v1.1m UTF-8 support for inputenc
   defining Unicode char U+00A1 (decimal 161)
   defining Unicode char U+00A3 (decimal 163)
   defining Unicode char U+00AB (decimal 171)
   defining Unicode char U+00BB (decimal 187)
   defining Unicode char U+00BF (decimal 191)
   defining Unicode char U+00C0 (decimal 192)
   defining Unicode char U+00C1 (decimal 193)
   defining Unicode char U+00C2 (decimal 194)
   defining Unicode char U+00C3 (decimal 195)
   defining Unicode char U+00C4 (decimal 196)
   defining Unicode char U+00C5 (decimal 197)
   defining Unicode char U+00C6 (decimal 198)
   defining Unicode char U+00C7 (decimal 199)
   defining Unicode char U+00C8 (decimal 200)
   defining Unicode char U+00C9 (decimal 201)
   defining Unicode char U+00CA (decimal 202)
   defining Unicode char U+00CB (decimal 203)
   defining Unicode char U+00CC (decimal 204)
   defining Unicode char U+00CD (decimal 205)
   defining Unicode char U+00CE (decimal 206)
   defining Unicode char U+00CF (decimal 207)
   defining Unicode char U+00D0 (decimal 208)
   defining Unicode char U+00D1 (decimal 209)
   defining Unicode char U+00D2 (decimal 210)
   defining Unicode char U+00D3 (decimal 211)
   defining Unicode char U+00D4 (decimal 212)
   defining Unicode char U+00D5 (decimal 213)
   defining Unicode char U+00D6 (decimal 214)
   defining Unicode char U+00D8 (decimal 216)
   defining Unicode char U+00D9 (decimal 217)
   defining Unicode char U+00DA (decimal 218)
   defining Unicode char U+00DB (decimal 219)
   defining Unicode char U+00DC (decimal 220)
   defining Unicode char U+00DD (decimal 221)
   defining Unicode char U+00DE (decimal 222)
   defining Unicode char U+00DF (decimal 223)
   defining Unicode char U+00E0 (decimal 224)
   defining Unicode char U+00E1 (decimal 225)
   defining Unicode char U+00E2 (decimal 226)
   defining Unicode char U+00E3 (decimal 227)
   defining Unicode char U+00E4 (decimal 228)
   defining Unicode char U+00E5 (decimal 229)
   defining Unicode char U+00E6 (decimal 230)
   defining Unicode char U+00E7 (decimal 231)
   defining Unicode char U+00E8 (decimal 232)
   defining Unicode char U+00E9 (decimal 233)
   defining Unicode char U+00EA (decimal 234)
   defining Unicode char U+00EB (decimal 235)
   defining Unicode char U+00EC (decimal 236)
   defining Unicode char U+00ED (decimal 237)
   defining Unicode char U+00EE (decimal 238)
   defining Unicode char U+00EF (decimal 239)
   defining Unicode char U+00F0 (decimal 240)
   defining Unicode char U+00F1 (decimal 241)
   defining Unicode char U+00F2 (decimal 242)
   defining Unicode char U+00F3 (decimal 243)
   defining Unicode char U+00F4 (decimal 244)
   defining Unicode char U+00F5 (decimal 245)
   defining Unicode char U+00F6 (decimal 246)
   defining Unicode char U+00F8 (decimal 248)
   defining Unicode char U+00F9 (decimal 249)
   defining Unicode char U+00FA (decimal 250)
   defining Unicode char U+00FB (decimal 251)
   defining Unicode char U+00FC (decimal 252)
   defining Unicode char U+00FD (decimal 253)
   defining Unicode char U+00FE (decimal 254)
   defining Unicode char U+00FF (decimal 255)
   defining Unicode char U+0102 (decimal 258)
   defining Unicode char U+0103 (decimal 259)
   defining Unicode char U+0104 (decimal 260)
   defining Unicode char U+0105 (decimal 261)
   defining Unicode char U+0106 (decimal 262)
   defining Unicode char U+0107 (decimal 263)
   defining Unicode char U+010C (decimal 268)
   defining Unicode char U+010D (decimal 269)
   defining Unicode char U+010E (decimal 270)
   defining Unicode char U+010F (decimal 271)
   defining Unicode char U+0110 (decimal 272)
   defining Unicode char U+0111 (decimal 273)
   defining Unicode char U+0118 (decimal 280)
   defining Unicode char U+0119 (decimal 281)
   defining Unicode char U+011A (decimal 282)
   defining Unicode char U+011B (decimal 283)
   defining Unicode char U+011E (decimal 286)
   defining Unicode char U+011F (decimal 287)
   defining Unicode char U+0130 (decimal 304)
   defining Unicode char U+0131 (decimal 305)
   defining Unicode char U+0132 (decimal 306)
   defining Unicode char U+0133 (decimal 307)
   defining Unicode char U+0139 (decimal 313)
   defining Unicode char U+013A (decimal 314)
   defining Unicode char U+013D (decimal 317)
   defining Unicode char U+013E (decimal 318)
   defining Unicode char U+0141 (decimal 321)
   defining Unicode char U+0142 (decimal 322)
   defining Unicode char U+0143 (decimal 323)
   defining Unicode char U+0144 (decimal 324)
   defining Unicode char U+0147 (decimal 327)
   defining Unicode char U+0148 (decimal 328)
   defining Unicode char U+014A (decimal 330)
   defining Unicode char U+014B (decimal 331)
   defining Unicode char U+0150 (decimal 336)
   defining Unicode char U+0151 (decimal 337)
   defining Unicode char U+0152 (decimal 338)
   defining Unicode char U+0153 (decimal 339)
   defining Unicode char U+0154 (decimal 340)
   defining Unicode char U+0155 (decimal 341)
   defining Unicode char U+0158 (decimal 344)
   defining Unicode char U+0159 (decimal 345)
   defining Unicode char U+015A (decimal 346)
   defining Unicode char U+015B (decimal 347)
   defining Unicode char U+015E (decimal 350)
   defining Unicode char U+015F (decimal 351)
   defining Unicode char U+0160 (decimal 352)
   defining Unicode char U+0161 (decimal 353)
   defining Unicode char U+0162 (decimal 354)
   defining Unicode char U+0163 (decimal 355)
   defining Unicode char U+0164 (decimal 356)
   defining Unicode char U+0165 (decimal 357)
   defining Unicode char U+016E (decimal 366)
   defining Unicode char U+016F (decimal 367)
   defining Unicode char U+0170 (decimal 368)
   defining Unicode char U+0171 (decimal 369)
   defining Unicode char U+0178 (decimal 376)
   defining Unicode char U+0179 (decimal 377)
   defining Unicode char U+017A (decimal 378)
   defining Unicode char U+017B (decimal 379)
   defining Unicode char U+017C (decimal 380)
   defining Unicode char U+017D (decimal 381)
   defining Unicode char U+017E (decimal 382)
   defining Unicode char U+200C (decimal 8204)
   defining Unicode char U+2013 (decimal 8211)
   defining Unicode char U+2014 (decimal 8212)
   defining Unicode char U+2018 (decimal 8216)
   defining Unicode char U+2019 (decimal 8217)
   defining Unicode char U+201A (decimal 8218)
   defining Unicode char U+201C (decimal 8220)
   defining Unicode char U+201D (decimal 8221)
   defining Unicode char U+201E (decimal 8222)
   defining Unicode char U+2030 (decimal 8240)
   defining Unicode char U+2031 (decimal 8241)
   defining Unicode char U+2039 (decimal 8249)
   defining Unicode char U+203A (decimal 8250)
   defining Unicode char U+2423 (decimal 9251)
)
Now handling font encoding OT1 ...
... processing UTF-8 mapping file for font encoding OT1

(/usr/share/texlive/texmf-dist/tex/latex/base/ot1enc.dfu
File: ot1enc.dfu 2008/04/05 v1.1m UTF-8 support for inputenc
   defining Unicode char U+00A1 (decimal 161)
   defining Unicode char U+00A3 (decimal 163)
   defining Unicode char U+00B8 (decimal 184)
   defining Unicode char U+00BF (decimal 191)
   defining Unicode char U+00C5 (decimal 197)
   defining Unicode char U+00C6 (decimal 198)
   defining Unicode char U+00D8 (decimal 216)
   defining Unicode char U+00DF (decimal 223)
   defining Unicode char U+00E6 (decimal 230)
   defining Unicode char U+00EC (decimal 236)
   defining Unicode char U+00ED (decimal 237)
   defining Unicode char U+00EE (decimal 238)
   defining Unicode char U+00EF (decimal 239)
   defining Unicode char U+00F8 (decimal 248)
   defining Unicode char U+0131 (decimal 305)
   defining Unicode char U+0141 (decimal 321)
   defining Unicode char U+0142 (decimal 322)
   defining Unicode char U+0152 (decimal 338)
   defining Unicode char U+0153 (decimal 339)
   defining Unicode char U+2013 (decimal 8211)
   defining Unicode char U+2014 (decimal 8212)
   defining Unicode char U+2018 (decimal 8216)
   defining Unicode char U+2019 (decimal 8217)
   defining Unicode char U+201C (decimal 8220)
   defining Unicode char U+201D (decimal 8221)
)
Now handling font encoding OMS ...
... processing UTF-8 mapping file for font encoding OMS

(/usr/share/texlive/texmf-dist/tex/latex/base/omsenc.dfu
File: omsenc.dfu 2008/04/05 v1.1m UTF-8 support for inputenc
   defining Unicode char U+00A7 (decimal 167)
   defining Unicode char U+00B6 (decimal 182)
   defining Unicode char U+00B7 (decimal 183)
   defining Unicode char U+2020 (decimal 8224)
   defining Unicode char U+2021 (decimal 8225)
   defining Unicode char U+2022 (decimal 8226)
)
Now handling font encoding OMX ...
... no UTF-8 mapping file for font encoding OMX
Now handling font encoding U ...
... no UTF-8 mapping file for font encoding U
   defining Unicode char U+00A9 (decimal 169)
   defining Unicode char U+00AA (decimal 170)
   defining Unicode char U+00AE (decimal 174)
   defining Unicode char U+00BA (decimal 186)
   defining Unicode char U+02C6 (decimal 710)
   defining Unicode char U+02DC (decimal 732)
   defining Unicode char U+200C (decimal 8204)
   defining Unicode char U+2026 (decimal 8230)
   defining Unicode char U+2122 (decimal 8482)
   defining Unicode char U+2423 (decimal 9251)
))
(/usr/share/texlive/texmf-dist/tex/latex/tools/longtable.sty
Package: longtable 2004/02/01 v4.11 Multi-page Table package (DPC)
\LTleft=\skip43
\LTright=\skip44
\LTpre=\skip45
\LTpost=\skip46
\LTchunksize=\count88
\LTcapwidth=\dimen103
\LT@head=\box26
\LT@firsthead=\box27
\LT@foot=\box28
\LT@lastfoot=\box29
\LT@cols=\count89
\LT@rows=\count90
\c@LT@tables=\count91
\c@LT@chunks=\count92
\LT@p@ftn=\toks16
)
(/usr/share/texlive/texmf-dist/tex/latex/float/float.sty
Package: float 2001/11/08 v1.3d Float enhancements (AL)
\c@float@type=\count93
\float@exts=\toks17
\float@box=\box30
\@float@everytoks=\toks18
\@floatcapt=\box31
)
(/usr/share/texlive/texmf-dist/tex/latex/setspace/setspace.sty
Package: setspace 2011/12/19 v6.7a set line spacing
)
(/usr/share/texlive/texmf-dist/tex/latex/tools/verbatim.sty
Package: verbatim 2003/08/22 v1.5q LaTeX2e package for verbatim enhancements
\every@verbatim=\toks19
\verbatim@line=\toks20
\verbatim@in@stream=\read1
)
(/usr/share/texlive/texmf-dist/tex/latex/base/textcomp.sty
Package: textcomp 2005/09/27 v1.99g Standard LaTeX package
Package textcomp Info: Sub-encoding information:
(textcomp)               5 = only ISO-Adobe without \textcurrency
(textcomp)               4 = 5 + \texteuro
(textcomp)               3 = 4 + \textohm
(textcomp)               2 = 3 + \textestimated + \textcurrency
(textcomp)               1 = TS1 - \textcircled - \t
(textcomp)               0 = TS1 (full)
(textcomp)             Font families with sub-encoding setting implement
(textcomp)             only a restricted character set as indicated.
(textcomp)             Family '?' is the default used for unknown fonts.
(textcomp)             See the documentation for details.
Package textcomp Info: Setting ? sub-encoding to TS1/1 on input line 71.

(/usr/share/texlive/texmf-dist/tex/latex/base/ts1enc.def
File: ts1enc.def 2001/06/05 v3.0e (jk/car/fm) Standard LaTeX file
Now handling font encoding TS1 ...
... processing UTF-8 mapping file for font encoding TS1

(/usr/share/texlive/texmf-dist/tex/latex/base/ts1enc.dfu
File: ts1enc.dfu 2008/04/05 v1.1m UTF-8 support for inputenc
   defining Unicode char U+00A2 (decimal 162)
   defining Unicode char U+00A3 (decimal 163)
   defining Unicode char U+00A4 (decimal 164)
   defining Unicode char U+00A5 (decimal 165)
   defining Unicode char U+00A6 (decimal 166)
   defining Unicode char U+00A7 (decimal 167)
   defining Unicode char U+00A8 (decimal 168)
   defining Unicode char U+00A9 (decimal 169)
   defining Unicode char U+00AA (decimal 170)
   defining Unicode char U+00AC (decimal 172)
   defining Unicode char U+00AE (decimal 174)
   defining Unicode char U+00AF (decimal 175)
   defining Unicode char U+00B0 (decimal 176)
   defining Unicode char U+00B1 (decimal 177)
   defining Unicode char U+00B2 (decimal 178)
   defining Unicode char U+00B3 (decimal 179)
   defining Unicode char U+00B4 (decimal 180)
   defining Unicode char U+00B5 (decimal 181)
   defining Unicode char U+00B6 (decimal 182)
   defining Unicode char U+00B7 (decimal 183)
   defining Unicode char U+00B9 (decimal 185)
   defining Unicode char U+00BA (decimal 186)
   defining Unicode char U+00BC (decimal 188)
   defining Unicode char U+00BD (decimal 189)
   defining Unicode char U+00BE (decimal 190)
   defining Unicode char U+00D7 (decimal 215)
   defining Unicode char U+00F7 (decimal 247)
   defining Unicode char U+0192 (decimal 402)
   defining Unicode char U+02C7 (decimal 711)
   defining Unicode char U+02D8 (decimal 728)
   defining Unicode char U+02DD (decimal 733)
   defining Unicode char U+0E3F (decimal 3647)
   defining Unicode char U+2016 (decimal 8214)
   defining Unicode char U+2020 (decimal 8224)
   defining Unicode char U+2021 (decimal 8225)
   defining Unicode char U+2022 (decimal 8226)
   defining Unicode char U+2030 (decimal 8240)
   defining Unicode char U+2031 (decimal 8241)
   defining Unicode char U+203B (decimal 8251)
   defining Unicode char U+203D (decimal 8253)
   defining Unicode char U+2044 (decimal 8260)
   defining Unicode char U+204E (decimal 8270)
   defining Unicode char U+2052 (decimal 8274)
   defining Unicode char U+20A1 (decimal 8353)
   defining Unicode char U+20A4 (decimal 8356)
   defining Unicode char U+20A6 (decimal 8358)
   defining Unicode char U+20A9 (decimal 8361)
   defining Unicode char U+20AB (decimal 8363)
   defining Unicode char U+20AC (decimal 8364)
   defining Unicode char U+20B1 (decimal 8369)
   defining Unicode char U+2103 (decimal 8451)
   defining Unicode char U+2116 (decimal 8470)
   defining Unicode char U+2117 (decimal 8471)
   defining Unicode char U+211E (decimal 8478)
   defining Unicode char U+2120 (decimal 8480)
   defining Unicode char U+2122 (decimal 8482)
   defining Unicode char U+2126 (decimal 8486)
   defining Unicode char U+2127 (decimal 8487)
   defining Unicode char U+212E (decimal 8494)
   defining Unicode char U+2190 (decimal 8592)
   defining Unicode char U+2191 (decimal 8593)
   defining Unicode char U+2192 (decimal 8594)
   defining Unicode char U+2193 (decimal 8595)
   defining Unicode char U+2329 (decimal 9001)
   defining Unicode char U+232A (decimal 9002)
   defining Unicode char U+2422 (decimal 9250)
   defining Unicode char U+25E6 (decimal 9702)
   defining Unicode char U+25EF (decimal 9711)
   defining Unicode char U+266A (decimal 9834)
))
LaTeX Info: Redefining \oldstylenums on input line 266.
Package textcomp Info: Setting cmr sub-encoding to TS1/0 on input line 281.
Package textcomp Info: Setting cmss sub-encoding to TS1/0 on input line 282.
Package textcomp Info: Setting cmtt sub-encoding to TS1/0 on input line 283.
Package textcomp Info: Setting cmvtt sub-encoding to TS1/0 on input line 284.
Package textcomp Info: Setting cmbr sub-encoding to TS1/0 on input line 285.
Package textcomp Info: Setting cmtl sub-encoding to TS1/0 on input line 286.
Package textcomp Info: Setting ccr sub-encoding to TS1/0 on input line 287.
Package textcomp Info: Setting ptm sub-encoding to TS1/4 on input line 288.
Package textcomp Info: Setting pcr sub-encoding to TS1/4 on input line 289.
Package textcomp Info: Setting phv sub-encoding to TS1/4 on input line 290.
Package textcomp Info: Setting ppl sub-encoding to TS1/3 on input line 291.
Package textcomp Info: Setting pag sub-encoding to TS1/4 on input line 292.
Package textcomp Info: Setting pbk sub-encoding to TS1/4 on input line 293.
Package textcomp Info: Setting pnc sub-encoding to TS1/4 on input line 294.
Package textcomp Info: Setting pzc sub-encoding to TS1/4 on input line 295.
Package textcomp Info: Setting bch sub-encoding to TS1/4 on input line 296.
Package textcomp Info: Setting put sub-encoding to TS1/5 on input line 297.
Package textcomp Info: Setting uag sub-encoding to TS1/5 on input line 298.
Package textcomp Info: Setting ugq sub-encoding to TS1/5 on input line 299.
Package textcomp Info: Setting ul8 sub-encoding to TS1/4 on input line 300.
Package textcomp Info: Setting ul9 sub-encoding to TS1/4 on input line 301.
Package textcomp Info: Setting augie sub-encoding to TS1/5 on input line 302.
Package textcomp Info: Setting dayrom sub-encoding to TS1/3 on input line 303.
Package textcomp Info: Setting dayroms sub-encoding to TS1/3 on input line 304.

Package textcomp Info: Setting pxr sub-encoding to TS1/0 on input line 305.
Package textcomp Info: Setting pxss sub-encoding to TS1/0 on input line 306.
Package textcomp Info: Setting pxtt sub-encoding to TS1/0 on input line 307.
Package textcomp Info: Setting txr sub-encoding to TS1/0 on input line 308.
Package textcomp Info: Setting txss sub-encoding to TS1/0 on input line 309.
Package textcomp Info: Setting txtt sub-encoding to TS1/0 on input line 310.
Package textcomp Info: Setting lmr sub-encoding to TS1/0 on input line 311.
Package textcomp Info: Setting lmdh sub-encoding to TS1/0 on input line 312.
Package textcomp Info: Setting lmss sub-encoding to TS1/0 on input line 313.
Package textcomp Info: Setting lmssq sub-encoding to TS1/0 on input line 314.
Package textcomp Info: Setting lmvtt sub-encoding to TS1/0 on input line 315.
Package textcomp Info: Setting qhv sub-encoding to TS1/0 on input line 316.
Package textcomp Info: Setting qag sub-encoding to TS1/0 on input line 317.
Package textcomp Info: Setting qbk sub-encoding to TS1/0 on input line 318.
Package textcomp Info: Setting qcr sub-encoding to TS1/0 on input line 319.
Package textcomp Info: Setting qcs sub-encoding to TS1/0 on input line 320.
Package textcomp Info: Setting qpl sub-encoding to TS1/0 on input line 321.
Package textcomp Info: Setting qtm sub-encoding to TS1/0 on input line 322.
Package textcomp Info: Setting qzc sub-encoding to TS1/0 on input line 323.
Package textcomp Info: Setting qhvc sub-encoding to TS1/0 on input line 324.
Package textcomp Info: Setting futs sub-encoding to TS1/4 on input line 325.
Package textcomp Info: Setting futx sub-encoding to TS1/4 on input line 326.
Package textcomp Info: Setting futj sub-encoding to TS1/4 on input line 327.
Package textcomp Info: Setting hlh sub-encoding to TS1/3 on input line 328.
Package textcomp Info: Setting hls sub-encoding to TS1/3 on input line 329.
Package textcomp Info: Setting hlst sub-encoding to TS1/3 on input line 330.
Package textcomp Info: Setting hlct sub-encoding to TS1/5 on input line 331.
Package textcomp Info: Setting hlx sub-encoding to TS1/5 on input line 332.
Package textcomp Info: Setting hlce sub-encoding to TS1/5 on input line 333.
Package textcomp Info: Setting hlcn sub-encoding to TS1/5 on input line 334.
Package textcomp Info: Setting hlcw sub-encoding to TS1/5 on input line 335.
Package textcomp Info: Setting hlcf sub-encoding to TS1/5 on input line 336.
Package textcomp Info: Setting pplx sub-encoding to TS1/3 on input line 337.
Package textcomp Info: Setting pplj sub-encoding to TS1/3 on input line 338.
Package textcomp Info: Setting ptmx sub-encoding to TS1/4 on input line 339.
Package textcomp Info: Setting ptmj sub-encoding to TS1/4 on input line 340.
)
(/usr/share/texlive/texmf-dist/tex/latex/amsmath/amsmath.sty
Package: amsmath 2013/01/14 v2.14 AMS math features
\@mathmargin=\skip47

For additional information on amsmath, use the `?' option.
(/usr/share/texlive/texmf-dist/tex/latex/amsmath/amstext.sty
Package: amstext 2000/06/29 v2.01

(/usr/share/texlive/texmf-dist/tex/latex/amsmath/amsgen.sty
File: amsgen.sty 1999/11/30 v2.0
\@emptytoks=\toks21
\ex@=\dimen104
))
(/usr/share/texlive/texmf-dist/tex/latex/amsmath/amsbsy.sty
Package: amsbsy 1999/11/29 v1.2d
\pmbraise@=\dimen105
)
(/usr/share/texlive/texmf-dist/tex/latex/amsmath/amsopn.sty
Package: amsopn 1999/12/14 v2.01 operator names
)
\inf@bad=\count94
LaTeX Info: Redefining \frac on input line 210.
\uproot@=\count95
\leftroot@=\count96
LaTeX Info: Redefining \overline on input line 306.
\classnum@=\count97
\DOTSCASE@=\count98
LaTeX Info: Redefining \ldots on input line 378.
LaTeX Info: Redefining \dots on input line 381.
LaTeX Info: Redefining \cdots on input line 466.
\Mathstrutbox@=\box32
\strutbox@=\box33
\big@size=\dimen106
LaTeX Font Info:    Redeclaring font encoding OML on input line 566.
LaTeX Font Info:    Redeclaring font encoding OMS on input line 567.
\macc@depth=\count99
\c@MaxMatrixCols=\count100
\dotsspace@=\muskip10
\c@parentequation=\count101
\dspbrk@lvl=\count102
\tag@help=\toks22
\row@=\count103
\column@=\count104
\maxfields@=\count105
\andhelp@=\toks23
\eqnshift@=\dimen107
\alignsep@=\dimen108
\tagshift@=\dimen109
\tagwidth@=\dimen110
\totwidth@=\dimen111
\lineht@=\dimen112
\@envbody=\toks24
\multlinegap=\skip48
\multlinetaggap=\skip49
\mathdisplay@stack=\toks25
LaTeX Info: Redefining \[ on input line 2665.
LaTeX Info: Redefining \] on input line 2666.
)
(/usr/share/texlive/texmf-dist/tex/latex/units/units.sty
Package: units 1998/08/04 v0.9b Typesetting units

(/usr/share/texlive/texmf-dist/tex/latex/base/ifthen.sty
Package: ifthen 2001/05/26 v1.1c Standard LaTeX ifthen package (DPC)
)
(/usr/share/texlive/texmf-dist/tex/latex/units/nicefrac.sty
Package: nicefrac 1998/08/04 v0.9b Nice fractions
\L@UnitsRaiseDisplaystyle=\skip50
\L@UnitsRaiseTextstyle=\skip51
\L@UnitsRaiseScriptstyle=\skip52
))
(/usr/share/texlive/texmf-dist/tex/latex/framed/framed.sty
Package: framed 2011/10/22 v 0.96: framed or shaded text with page breaks
\OuterFrameSep=\skip53
\fb@frw=\dimen113
\fb@frh=\dimen114
\FrameRule=\dimen115
\FrameSep=\dimen116
)
(/usr/share/texlive/texmf-dist/tex/latex/graphics/color.sty
Package: color 2005/11/14 v1.0j Standard LaTeX Color (DPC)

(/usr/share/texlive/texmf-dist/tex/latex/latexconfig/color.cfg
File: color.cfg 2007/01/18 v1.5 color configuration of teTeX/TeXLive
)
Package color Info: Driver file: pdftex.def on input line 130.

(/usr/share/texlive/texmf-dist/tex/latex/pdftex-def/pdftex.def
File: pdftex.def 2011/05/27 v0.06d Graphics/color for pdfTeX

(/usr/share/texlive/texmf-dist/tex/generic/oberdiek/infwarerr.sty
Package: infwarerr 2010/04/08 v1.3 Providing info/warning/error messages (HO)
)
(/usr/share/texlive/texmf-dist/tex/generic/oberdiek/ltxcmds.sty
Package: ltxcmds 2011/11/09 v1.22 LaTeX kernel commands for general use (HO)
)
\Gread@gobject=\count106
))
(/usr/share/texlive/texmf-dist/tex/latex/tools/enumerate.sty
Package: enumerate 1999/03/05 v3.00 enumerate extensions (DPC)
\@enLab=\toks26
)
(/usr/share/texlive/texmf-dist/tex/generic/babel/babel.sty
Package: babel 2013/12/03 3.9h The Babel package

(/usr/share/texlive/texmf-dist/tex/generic/babel-english/english.ldf
Language: english 2012/08/20 v3.3p English support from the babel system

(/usr/share/texlive/texmf-dist/tex/generic/babel/babel.def
File: babel.def 2013/12/03 3.9h Babel common definitions
\babel@savecnt=\count107
\U@D=\dimen117
)
\l@canadian = a dialect from \language\l@american 
\l@australian = a dialect from \language\l@british 
\l@newzealand = a dialect from \language\l@british 
))
(/usr/share/texlive/texmf-dist/tex/latex/fancyhdr/fancyhdr.sty
\fancy@headwidth=\skip54
\f@ncyO@elh=\skip55
\f@ncyO@erh=\skip56
\f@ncyO@olh=\skip57
\f@ncyO@orh=\skip58
\f@ncyO@elf=\skip59
\f@ncyO@erf=\skip60
\f@ncyO@olf=\skip61
\f@ncyO@orf=\skip62
)
(/usr/share/texlive/texmf-dist/tex/latex/fancyvrb/fancyvrb.sty
Package: fancyvrb 2008/02/07

Style option: `fancyvrb' v2.7a, with DG/SPQR fixes, and firstline=lastline fix 
<2008/02/07> (tvz) (/usr/share/texlive/texmf-dist/tex/latex/graphics/keyval.sty
Package: keyval 1999/03/16 v1.13 key=value parser (DPC)
\KV@toks@=\toks27
)
\FV@CodeLineNo=\count108
\FV@InFile=\read2
\FV@TabBox=\box34
\c@FancyVerbLine=\count109
\FV@StepNumber=\count110
\FV@OutFile=\write3
) (/usr/share/texlive/texmf-dist/tex/latex/paralist/paralist.sty
Package: paralist 2013/06/09 v2.4 Extended list environments
\pltopsep=\skip63
\plpartopsep=\skip64
\plitemsep=\skip65
\plparsep=\skip66
\pl@lab=\toks28
)
(/usr/share/texlive/texmf-dist/tex/latex/graphics/graphicx.sty
Package: graphicx 1999/02/16 v1.0f Enhanced LaTeX Graphics (DPC,SPQR)

(/usr/share/texlive/texmf-dist/tex/latex/graphics/graphics.sty
Package: graphics 2009/02/05 v1.0o Standard LaTeX Graphics (DPC,SPQR)

(/usr/share/texlive/texmf-dist/tex/latex/graphics/trig.sty
Package: trig 1999/03/16 v1.09 sin cos tan (DPC)
)
(/usr/share/texlive/texmf-dist/tex/latex/latexconfig/graphics.cfg
File: graphics.cfg 2010/04/23 v1.9 graphics configuration of TeX Live
)
Package graphics Info: Driver file: pdftex.def on input line 91.
)
\Gin@req@height=\dimen118
\Gin@req@width=\dimen119
)
(/usr/share/texlive/texmf-dist/tex/latex/caption/caption.sty
Package: caption 2013/05/02 v3.3-89 Customizing captions (AR)

(/usr/share/texlive/texmf-dist/tex/latex/caption/caption3.sty
Package: caption3 2013/05/02 v1.6-88 caption3 kernel (AR)
Package caption3 Info: TeX engine: e-TeX on input line 57.
\captionmargin=\dimen120
\captionmargin@=\dimen121
\captionwidth=\dimen122
\caption@tempdima=\dimen123
\caption@indent=\dimen124
\caption@parindent=\dimen125
\caption@hangindent=\dimen126
)
\c@ContinuedFloat=\count111
Package caption Info: float package is loaded.
Package caption Info: longtable package is loaded.

(/usr/share/texlive/texmf-dist/tex/latex/caption/ltcaption.sty
Package: ltcaption 2013/02/03 v1.3-62 longtable captions (AR)
))
(/usr/share/texlive/texmf-dist/tex/latex/caption/subcaption.sty
Package: subcaption 2013/02/03 v1.1-62 Sub-captions (AR)
\c@subfigure=\count112
\c@subtable=\count113
)
(/usr/share/texmf/tex/latex/xcolor/xcolor.sty
Package: xcolor 2007/01/21 v2.11 LaTeX color extensions (UK)

(/usr/share/texlive/texmf-dist/tex/latex/latexconfig/color.cfg
File: color.cfg 2007/01/18 v1.5 color configuration of teTeX/TeXLive
)
Package xcolor Info: Driver file: pdftex.def on input line 225.
LaTeX Info: Redefining \color on input line 702.
Package xcolor Info: Model `cmy' substituted by `cmy0' on input line 1337.
Package xcolor Info: Model `hsb' substituted by `rgb' on input line 1341.
Package xcolor Info: Model `RGB' extended on input line 1353.
Package xcolor Info: Model `HTML' substituted by `rgb' on input line 1355.
Package xcolor Info: Model `Hsb' substituted by `hsb' on input line 1356.
Package xcolor Info: Model `tHsb' substituted by `hsb' on input line 1357.
Package xcolor Info: Model `HSB' substituted by `hsb' on input line 1358.
Package xcolor Info: Model `Gray' substituted by `gray' on input line 1359.
Package xcolor Info: Model `wave' substituted by `hsb' on input line 1360.
)
(/usr/share/texlive/texmf-dist/tex/latex/showexpl/showexpl.sty
Package: showexpl 2014/01/19 v0.3l Typesetting example code (RN)

(/usr/share/texlive/texmf-dist/tex/latex/listings/listings.sty
\lst@mode=\count114
\lst@gtempboxa=\box35
\lst@token=\toks29
\lst@length=\count115
\lst@currlwidth=\dimen127
\lst@column=\count116
\lst@pos=\count117
\lst@lostspace=\dimen128
\lst@width=\dimen129
\lst@newlines=\count118
\lst@lineno=\count119
\lst@maxwidth=\dimen130

(/usr/share/texlive/texmf-dist/tex/latex/listings/lstmisc.sty
File: lstmisc.sty 2013/08/26 1.5b (Carsten Heinz)
\c@lstnumber=\count120
\lst@skipnumbers=\count121
\lst@framebox=\box36
)
(/usr/share/texlive/texmf-dist/tex/latex/listings/listings.cfg
File: listings.cfg 2013/08/26 1.5b listings configuration
))
Package: listings 2013/08/26 1.5b (Carsten Heinz)

(/usr/share/texlive/texmf-dist/tex/latex/tools/calc.sty
Package: calc 2007/08/22 v4.3 Infix arithmetic (KKT,FJ)
\calc@Acount=\count122
\calc@Bcount=\count123
\calc@Adimen=\dimen131
\calc@Bdimen=\dimen132
\calc@Askip=\skip67
\calc@Bskip=\skip68
LaTeX Info: Redefining \setlength on input line 76.
LaTeX Info: Redefining \addtolength on input line 77.
\calc@Ccount=\count124
\calc@Cskip=\skip69
)
(/usr/share/texlive/texmf-dist/tex/latex/varwidth/varwidth.sty
Package: varwidth 2009/03/30 ver 0.92;  Variable-width minipages
\@vwid@box=\box37
\sift@deathcycles=\count125
\@vwid@loff=\dimen133
\@vwid@roff=\dimen134
)
(/usr/share/texlive/texmf-dist/tex/latex/listings/lstmisc.sty
File: lstmisc.sty 2013/08/26 1.5b (Carsten Heinz)
\lst@WFtoken=\toks30
\lst@WF=\write4
)
\SX@ResBox=\box38
\c@ltxexample=\count126
)
(/usr/share/texlive/texmf-dist/tex/latex/upquote/upquote.sty
Package: upquote 2012/04/19 v1.3 upright-quote and grave-accent glyphs in verba
tim
)
\@float@every@Code=\toks31
\c@Code=\count127

(/usr/share/texlive/texmf-dist/tex/latex/exercise/exercise.sty
Package: exercise 2012/05/08 v1.58 Exercise package (P.Pichaureau)
\ExerciseSkipBefore=\skip70
\ExerciseSkipAfter=\skip71
\Exesep=\skip72
\Exetopsep=\skip73
\Exeparsep=\skip74
\Exepartopsep=\skip75
\Exeleftmargin=\skip76
\Exerightmargin=\skip77
\Exelabelwidth=\skip78
\Exelabelsep=\skip79
\ExerciseBefore=\skip80
\QuestionBefore=\skip81
\subQuestionBefore=\skip82
\subsubQuestionBefore=\skip83
\QuestionIndent=\skip84
\subQuestionIndent=\skip85
\subsubQuestionIndent=\skip86
\c@Exercise=\count128
\c@Answer=\count129
\c@ExePart=\count130
\c@Question=\count131
\c@subQuestion=\count132
\c@subsubQuestion=\count133
\c@savedQuestion=\count134
\c@savedsubQuestion=\count135
\c@savedsubsubQuestion=\count136
\@QuestionLevel=\count137
\@Exercisebox=\box39
\all@Exercisebox=\box40
\temp@Exercisebox=\box41
\all@Answerbox=\box42
\temp@Answerbox=\box43
\ExerciseDifficulty=\count138
\QuestionDifficulty=\count139
\subQuestionDifficulty=\count140
\subsubQuestionDifficulty=\count141
\ExePartDifficulty=\count142
\@Answerbox=\box44
\colonnesLevel=\count143
\tempskipa=\skip87
\tempskipb=\skip88
\@savedmathindent=\skip89
)
(./webrct-book.aux

LaTeX Warning: Label `tbl:MediaStreamTrack methods' multiply defined.


LaTeX Warning: Label `tbl:MediaStreamTrack methods' multiply defined.


LaTeX Warning: Label `tbl:MediaStreamTrack methods' multiply defined.


LaTeX Warning: Label `fig:webrtc:WebRTC_security:5_security_assymetric' multipl
y defined.


LaTeX Warning: Label `fig:webrtc:WebRTC_security:5_security_assymetric' multipl
y defined.


LaTeX Warning: Label `fig:webrtc:WebRTC_testing:Name' multiply defined.


LaTeX Warning: Label `fig:webrtc:WebRTC_testing:Name' multiply defined.


LaTeX Warning: Label `fig:webrtc:WebRTC_testing:Name' multiply defined.


LaTeX Warning: Label `fig:webrtc:WebRTC_testing:Name' multiply defined.


LaTeX Warning: Label `fig:webrtc:WebRTC_testing:Name' multiply defined.


LaTeX Warning: Label `fig:webrtc:WebRTC_testing:Name' multiply defined.

)
\openout1 = `webrct-book.aux'.

LaTeX Font Info:    Checking defaults for OML/cmm/m/it on input line 291.
LaTeX Font Info:    ... okay on input line 291.
LaTeX Font Info:    Checking defaults for T1/cmr/m/n on input line 291.
LaTeX Font Info:    ... okay on input line 291.
LaTeX Font Info:    Checking defaults for OT1/cmr/m/n on input line 291.
LaTeX Font Info:    ... okay on input line 291.
LaTeX Font Info:    Checking defaults for OMS/cmsy/m/n on input line 291.
LaTeX Font Info:    ... okay on input line 291.
LaTeX Font Info:    Checking defaults for OMX/cmex/m/n on input line 291.
LaTeX Font Info:    ... okay on input line 291.
LaTeX Font Info:    Checking defaults for U/cmr/m/n on input line 291.
LaTeX Font Info:    ... okay on input line 291.
LaTeX Font Info:    Checking defaults for TS1/cmr/m/n on input line 291.
LaTeX Font Info:    Try loading font information for TS1+cmr on input line 291.

 (/usr/share/texlive/texmf-dist/tex/latex/base/ts1cmr.fd
File: ts1cmr.fd 1999/05/25 v2.5h Standard LaTeX font definitions
)
LaTeX Font Info:    ... okay on input line 291.
LaTeX Font Info:    Try loading font information for T1+ptm on input line 291.

(/usr/share/texlive/texmf-dist/tex/latex/psnfss/t1ptm.fd
File: t1ptm.fd 2001/06/04 font definitions for T1/ptm.
)
(/usr/share/texlive/texmf-dist/tex/context/base/supp-pdf.mkii
[Loading MPS to PDF converter (version 2006.09.02).]
\scratchcounter=\count144
\scratchdimen=\dimen135
\scratchbox=\box45
\nofMPsegments=\count145
\nofMParguments=\count146
\everyMPshowfont=\toks32
\MPscratchCnt=\count147
\MPscratchDim=\dimen136
\MPnumerator=\count148
\makeMPintoPDFobject=\count149
\everyMPtoPDFconversion=\toks33
) (/usr/share/texlive/texmf-dist/tex/generic/oberdiek/pdftexcmds.sty
Package: pdftexcmds 2011/11/29 v0.20 Utility functions of pdfTeX for LuaTeX (HO
)

(/usr/share/texlive/texmf-dist/tex/generic/oberdiek/ifluatex.sty
Package: ifluatex 2010/03/01 v1.3 Provides the ifluatex switch (HO)
Package ifluatex Info: LuaTeX not detected.
)
(/usr/share/texlive/texmf-dist/tex/generic/oberdiek/ifpdf.sty
Package: ifpdf 2011/01/30 v2.3 Provides the ifpdf switch (HO)
Package ifpdf Info: pdfTeX in PDF mode is detected.
)
Package pdftexcmds Info: LuaTeX not detected.
Package pdftexcmds Info: \pdf@primitive is available.
Package pdftexcmds Info: \pdf@ifprimitive is available.
Package pdftexcmds Info: \pdfdraftmode found.
)
(/usr/share/texlive/texmf-dist/tex/latex/oberdiek/epstopdf-base.sty
Package: epstopdf-base 2010/02/09 v2.5 Base part for package epstopdf

(/usr/share/texlive/texmf-dist/tex/latex/oberdiek/grfext.sty
Package: grfext 2010/08/19 v1.1 Manage graphics extensions (HO)

(/usr/share/texlive/texmf-dist/tex/generic/oberdiek/kvdefinekeys.sty
Package: kvdefinekeys 2011/04/07 v1.3 Define keys (HO)
))
(/usr/share/texlive/texmf-dist/tex/latex/oberdiek/kvoptions.sty
Package: kvoptions 2011/06/30 v3.11 Key value format for package options (HO)

(/usr/share/texlive/texmf-dist/tex/generic/oberdiek/kvsetkeys.sty
Package: kvsetkeys 2012/04/25 v1.16 Key value parser (HO)

(/usr/share/texlive/texmf-dist/tex/generic/oberdiek/etexcmds.sty
Package: etexcmds 2011/02/16 v1.5 Avoid name clashes with e-TeX commands (HO)
Package etexcmds Info: Could not find \expanded.
(etexcmds)             That can mean that you are not using pdfTeX 1.50 or
(etexcmds)             that some package has redefined \expanded.
(etexcmds)             In the latter case, load this package earlier.
)))
Package grfext Info: Graphics extension search list:
(grfext)             [.png,.pdf,.jpg,.mps,.jpeg,.jbig2,.jb2,.PNG,.PDF,.JPG,.JPE
G,.JBIG2,.JB2,.eps]
(grfext)             \AppendGraphicsExtensions on input line 452.

(/usr/share/texlive/texmf-dist/tex/latex/latexconfig/epstopdf-sys.cfg
File: epstopdf-sys.cfg 2010/07/13 v1.3 Configuration of (r)epstopdf for TeX Liv
e
))
Package caption Info: Begin \AtBeginDocument code.
Package caption Info: listings package is loaded.
Package caption Info: End \AtBeginDocument code.
\c@lstlisting=\count150

[1

{/var/lib/texmf/fonts/map/pdftex/updmap/pdftex.map}] [2


]
LaTeX Font Info:    Font shape `T1/ptm/bx/n' in size <24.88> not available
(Font)              Font shape `T1/ptm/b/n' tried instead on input line 299.
 (./webrct-book.toc
LaTeX Font Info:    Font shape `T1/ptm/bx/n' in size <10.95> not available
(Font)              Font shape `T1/ptm/b/n' tried instead on input line 3.

[3])
\tf@toc=\write5
\openout5 = `webrct-book.toc'.

 [4]
Chapter 1.
LaTeX Font Info:    Font shape `T1/ptm/bx/n' in size <20.74> not available
(Font)              Font shape `T1/ptm/b/n' tried instead on input line 302.
(../theory/webrtc.tex
LaTeX Font Info:    Font shape `T1/ptm/bx/n' in size <14.4> not available
(Font)              Font shape `T1/ptm/b/n' tried instead on input line 1.
 [5

]
LaTeX Font Info:    Font shape `T1/ptm/bx/n' in size <12> not available
(Font)              Font shape `T1/ptm/b/n' tried instead on input line 57.
 [6]
Overfull \hbox (0.71078pt too wide) in paragraph at lines 105--106
[]\T1/ptm/m/n/10.95 Web de-sign and im-ple-men-ta-tion made with HTML and JavaS
cript lan-guages. 
 []

[7] [8]
Overfull \hbox (10.28111pt too wide) in paragraph at lines 135--145
\T1/ptm/m/n/10.95 Time Com-mu-ni-ca-tion in WEB-browsers Work-ing Group avail-a
ble at \T1/ptm/b/n/10.95 http://tools.ietf.
 []

[9

]
LaTeX Font Info:    Try loading font information for TS1+ptm on input line 170.

 (/usr/share/texlive/texmf-dist/tex/latex/psnfss/ts1ptm.fd
File: ts1ptm.fd 2001/06/04 font definitions for TS1/ptm.
) [10]
<../figures/figuras_utilizadas/webrtc_browsers_state1.png, id=36, 664.4825pt x 
585.18625pt>
File: ../figures/figuras_utilizadas/webrtc_browsers_state1.png Graphic file (ty
pe png)
 <use ../figures/figuras_utilizadas/webrtc_browsers_state1.png>
Package pdftex.def Info: ../figures/figuras_utilizadas/webrtc_browsers_state1.p
ng used on input line 226.
(pdftex.def)             Requested size: 251.9989pt x 221.92662pt.

[11 <../figures/figuras_utilizadas/webrtc_browsers_state1.png>] [12]
<../figures/figuras_ok/JSEP.pdf, id=43, 597.23125pt x 845.1575pt>
File: ../figures/figuras_ok/JSEP.pdf Graphic file (type pdf)

<use ../figures/figuras_ok/JSEP.pdf>
Package pdftex.def Info: ../figures/figuras_ok/JSEP.pdf used on input line 250.

(pdftex.def)             Requested size: 216.0022pt x 305.67503pt.
 [13

 <../figures/figuras_ok/JSEP.pdf>]
<../figures/figuras_ok/4_signalling_offer_answer.pdf, id=72, 504.88625pt x 531.
9875pt>
File: ../figures/figuras_ok/4_signalling_offer_answer.pdf Graphic file (type pd
f)
 <use ../figures/figuras_ok/4_signalling_offer_answer.pdf>
Package pdftex.def Info: ../figures/figuras_ok/4_signalling_offer_answer.pdf us
ed on input line 269.
(pdftex.def)             Requested size: 251.9989pt x 265.5304pt.
 [14

 <../figures/figuras_ok/4_signalling_offer_answer.pdf>] [15]
(/usr/share/texlive/texmf-dist/tex/latex/listings/lstlang1.sty
File: lstlang1.sty 2013/08/26 1.5b listings language file
)
(/usr/share/texlive/texmf-dist/tex/latex/listings/lstmisc.sty
File: lstmisc.sty 2013/08/26 1.5b (Carsten Heinz)
)
LaTeX Font Info:    Try loading font information for T1+pcr on input line 323.

(/usr/share/texlive/texmf-dist/tex/latex/psnfss/t1pcr.fd
File: t1pcr.fd 2001/06/04 font definitions for T1/pcr.
)
LaTeX Font Info:    Try loading font information for TS1+pcr on input line 325.


(/usr/share/texlive/texmf-dist/tex/latex/psnfss/ts1pcr.fd
File: ts1pcr.fd 2001/06/04 font definitions for TS1/pcr.
) [16

] [17]
<../figures/figuras_ok/4_signalling_diagram.pdf, id=115, 490.83376pt x 480.7962
5pt>
File: ../figures/figuras_ok/4_signalling_diagram.pdf Graphic file (type pdf)
 <use ../figures/figuras_ok/4_signalling_diagram.pdf>
Package pdftex.def Info: ../figures/figuras_ok/4_signalling_diagram.pdf used on
 input line 379.
(pdftex.def)             Requested size: 251.9989pt x 246.84618pt.
 [18

 <../figures/figuras_ok/4_signalling_diagram.pdf>]
Overfull \hbox (1.75102pt too wide) in paragraph at lines 413--414
[]\T1/ptm/m/n/10.95 Bob re-ceives the of-fer and calls RTCPeer-Con-nec-tion.set
RemoteDescription()
 []

[19

]
Overfull \hbox (69.23003pt too wide) in paragraph at lines 426--428
[]\T1/ptm/m/n/10.95 The cur-rent de-scrip-tion (which is re-turned by the RTCPe
er-Con-nec-tion.currentLocalDescription
 []


Overfull \hbox (24.08412pt too wide) in paragraph at lines 429--430
[]\T1/ptm/m/n/10.95 The pend-ing de-scrip-tion (re-turned by RTCPeer-Con-nec-ti
on.pendingLocalDescription
 []


Overfull \hbox (2.83496pt too wide) in paragraph at lines 429--430
\T1/ptm/m/n/10.95 and RTCPeer-Con-nec-tion.pendingRemoteDescription) in-di-cate
s a de-scrip-tion which
 []


Overfull \hbox (7.29756pt too wide) in paragraph at lines 431--432
[]\T1/ptm/m/n/10.95 When read-ing the de-scrip-tion (re-turned by RTCPeer-Con-n
ec-tion.localDescription
 []

[20] [21] [22

]
Overfull \hbox (7.20374pt too wide) in paragraph at lines 539--540
[][][][][][][][][][][][][][][][][][][][][][][][][][][] 
 []

[23

]
Overfull \hbox (15.62418pt too wide) in paragraph at lines 567--568
[]\T1/ptm/b/n/10.95 MIT li-cense\T1/ptm/m/n/10.95 : https://raw.githubuserconte
nt.com/joyent/node/v0.12.0/LICENSE 
 []

[24

]
<../figures/figuras_ok/node_MainConcepts.pdf, id=159, 518.93875pt x 475.7775pt>
File: ../figures/figuras_ok/node_MainConcepts.pdf Graphic file (type pdf)
<use ../figures/figuras_ok/node_MainConcepts.pdf>
Package pdftex.def Info: ../figures/figuras_ok/node_MainConcepts.pdf used on in
put line 574.
(pdftex.def)             Requested size: 251.9989pt x 231.04219pt.
LaTeX Font Info:    Font shape `T1/pcr/bx/n' in size <8> not available
(Font)              Font shape `T1/pcr/b/n' tried instead on input line 591.
 [25

 <../figures/figuras_ok/node_MainConcepts.pdf>] [26] [27]
Overfull \hbox (37.26265pt too wide) in paragraph at lines 683--684
\T1/ptm/m/n/10.95 cap-su-lated code can be uti-lized in other files. So let's r
edac-tor \T1/pcr/m/n/10.95 HelloHola.js
 []

[28

] [29]
Overfull \hbox (7.74208pt too wide) in paragraph at lines 729--730
[]\T1/ptm/m/n/10.95 Download and ex-tract the archive node-v0.XX.\T1/ptm/b/n/10
.95 OSName\T1/ptm/m/n/10.95 .tar.gz into /tmp. 
 []

[30

] [31]
Overfull \hbox (6.0115pt too wide) in paragraph at lines 802--804
[]\T1/ptm/m/n/10.95 Socket.IO fi-nally reached ver-sion 1.0 on the 28th of May,
 2014. The Socket.IO
 []

[32

] [33] [34] [35] [36

]
Overfull \hbox (4.729pt too wide) in paragraph at lines 1012--1016
\T1/ptm/m/n/10.95 JavaScript code. An ob-ject lit-eral is a comma-separated lis
t of colon-separated
 []

[37] [38] [39] [40

]
<../figures/figuras_utilizadas/MediaStream_boxflow.png, id=228, 733.74126pt x 3
30.23375pt>
File: ../figures/figuras_utilizadas/MediaStream_boxflow.png Graphic file (type 
png)
 <use ../figures/figuras_utilizadas/MediaStream_boxflow.png>
Package pdftex.def Info: ../figures/figuras_utilizadas/MediaStream_boxflow.png 
used on input line 1230.
(pdftex.def)             Requested size: 216.0022pt x 97.2115pt.

[41] [42 <../figures/figuras_utilizadas/MediaStream_boxflow.png>]
Overfull \hbox (77.64499pt too wide) in paragraph at lines 1304--1316
 [][] 
 []


Overfull \hbox (40.32747pt too wide) in paragraph at lines 1324--1340
 [][] 
 []


Overfull \hbox (34.92747pt too wide) in paragraph at lines 1346--1360
 [][] 
 []

[43] [44] [45

] [46] [47] [48]
<../figures/figuras_ok/underlying_tech.png, id=254, 699.61375pt x 389.455pt>
File: ../figures/figuras_ok/underlying_tech.png Graphic file (type png)

<use ../figures/figuras_ok/underlying_tech.png>
Package pdftex.def Info: ../figures/figuras_ok/underlying_tech.png used on inpu
t line 1551.
(pdftex.def)             Requested size: 251.9989pt x 140.28094pt.
 [49

 <../figures/figuras_ok/underlying_tech.png>] [50] [51]
<../figures/figuras_ok/5_security_assymetric.pdf, id=265, 598.235pt x 165.61874
pt>
File: ../figures/figuras_ok/5_security_assymetric.pdf Graphic file (type pdf)
 <use ../figures/figuras_ok/5_security_assymetric.pdf>
Package pdftex.def Info: ../figures/figuras_ok/5_security_assymetric.pdf used o
n input line 1634.
(pdftex.def)             Requested size: 251.9989pt x 69.76408pt.
 [52

 <../figures/figuras_ok/5_security_assymetric.pdf>]
<../figures/figuras_ok/5_security_Assymetric_full.pdf, id=289, 598.235pt x 350.
30875pt>
File: ../figures/figuras_ok/5_security_Assymetric_full.pdf Graphic file (type p
df)
 <use ../figures/figuras_ok/5_security_Assymetric_full.pdf>
Package pdftex.def Info: ../figures/figuras_ok/5_security_Assymetric_full.pdf u
sed on input line 1662.
(pdftex.def)             Requested size: 251.9989pt x 147.56163pt.
 [53 <../figures/figuras_ok/5_security_Assymetric_full.pdf>]
<../figures/figuras_ok/5_security_symmetric_easy.pdf, id=322, 598.235pt x 140.5
25pt>
File: ../figures/figuras_ok/5_security_symmetric_easy.pdf Graphic file (type pd
f)
 <use ../figures/figuras_ok/5_security_symmetric_easy.pdf>
Package pdftex.def Info: ../figures/figuras_ok/5_security_symmetric_easy.pdf us
ed on input line 1687.
(pdftex.def)             Requested size: 251.9989pt x 59.19377pt.

<../figures/figuras_ok/5_security_symmetric_full_final.pdf, id=323, 575.14874pt
 x 239.89626pt>
File: ../figures/figuras_ok/5_security_symmetric_full_final.pdf Graphic file (t
ype pdf)

<use ../figures/figuras_ok/5_security_symmetric_full_final.pdf>
Package pdftex.def Info: ../figures/figuras_ok/5_security_symmetric_full_final.
pdf used on input line 1698.
(pdftex.def)             Requested size: 251.9989pt x 105.10808pt.
 [54

 <../figures/figuras_ok/5_security_symmetric_easy.pdf>] [55 <../figures/figuras
_ok/5_security_symmetric_full_final.pdf>]
<../figures/figuras_ok/6_WebRTC_Architecture.pdf, id=367, 444.66125pt x 370.383
74pt>
File: ../figures/figuras_ok/6_WebRTC_Architecture.pdf Graphic file (type pdf)
 <use ../figures/figuras_ok/6_WebRTC_Architecture.pdf>
Package pdftex.def Info: ../figures/figuras_ok/6_WebRTC_Architecture.pdf used o
n input line 1715.
(pdftex.def)             Requested size: 180.0pt x 149.93112pt.
 [56

 <../figures/figuras_ok/6_WebRTC_Architecture.pdf>]
Overfull \hbox (34.20401pt too wide) in paragraph at lines 1759--1760
[][][][][][][][][][][][][][][][][][][][][][][][][][][][][][][][][][][][] 
 []

[57

] [58] [59

] [60

] [61] [62] [63

] [64

] [65]
<../figures/webrtcinternals/capturas/1.png, id=427, 1241.63875pt x 55.20625pt>
File: ../figures/webrtcinternals/capturas/1.png Graphic file (type png)

<use ../figures/webrtcinternals/capturas/1.png>
Package pdftex.def Info: ../figures/webrtcinternals/capturas/1.png used on inpu
t line 2076.
(pdftex.def)             Requested size: 431.9989pt x 19.20706pt.

Overfull \hbox (71.9989pt too wide) in paragraph at lines 2076--2077
 [][] 
 []

<../figures/webrtcinternals/capturas/2.png, id=428, 438.63875pt x 196.735pt>
File: ../figures/webrtcinternals/capturas/2.png Graphic file (type png)

<use ../figures/webrtcinternals/capturas/2.png>
Package pdftex.def Info: ../figures/webrtcinternals/capturas/2.png used on inpu
t line 2085.
(pdftex.def)             Requested size: 251.9989pt x 113.02567pt.

<../figures/webrtcinternals/capturas/3.png, id=429, 453.695pt x 210.7875pt>
File: ../figures/webrtcinternals/capturas/3.png Graphic file (type png)

<use ../figures/webrtcinternals/capturas/3.png>
Package pdftex.def Info: ../figures/webrtcinternals/capturas/3.png used on inpu
t line 2091.
(pdftex.def)             Requested size: 251.9989pt x 117.0785pt.
 [66

 <../figures/webrtcinternals/capturas/1.png> <../figures/webrtcinternals/captur
as/2.png> <../figures/webrtcinternals/capturas/3.png>]
<../figures/webrtcinternals/capturas/4.png, id=433, 1371.1225pt x 770.88pt>
File: ../figures/webrtcinternals/capturas/4.png Graphic file (type png)

<use ../figures/webrtcinternals/capturas/4.png>
Package pdftex.def Info: ../figures/webrtcinternals/capturas/4.png used on inpu
t line 2125.
(pdftex.def)             Requested size: 251.9989pt x 141.66956pt.

<../figures/webrtcinternals/capturas/7.png, id=434, 408.52625pt x 101.37875pt>
File: ../figures/webrtcinternals/capturas/7.png Graphic file (type png)

<use ../figures/webrtcinternals/capturas/7.png>
Package pdftex.def Info: ../figures/webrtcinternals/capturas/7.png used on inpu
t line 2133.
(pdftex.def)             Requested size: 251.9989pt x 62.5355pt.
 [67 <../figures/webrtcinternals/capturas/4.png>] [68 <../figures/webrtcinterna
ls/capturas/7.png>]
<../figures/webrtcinternals/1_def.png, id=442, 561.09625pt x 154.5775pt>
File: ../figures/webrtcinternals/1_def.png Graphic file (type png)

<use ../figures/webrtcinternals/1_def.png>
Package pdftex.def Info: ../figures/webrtcinternals/1_def.png used on input lin
e 2154.
(pdftex.def)             Requested size: 323.9978pt x 89.25874pt.

<../figures/webrtcinternals/1_1_def.png, id=443, 568.1225pt x 156.585pt>
File: ../figures/webrtcinternals/1_1_def.png Graphic file (type png)

<use ../figures/webrtcinternals/1_1_def.png>
Package pdftex.def Info: ../figures/webrtcinternals/1_1_def.png used on input l
ine 2160.
(pdftex.def)             Requested size: 323.9978pt x 89.30215pt.
 [69

 <../figures/webrtcinternals/1_def.png> <../figures/webrtcinternals/1_1_def.png
>]
<../figures/webrtcinternals/video_send_1.png, id=447, 556.0775pt x 158.5925pt>
File: ../figures/webrtcinternals/video_send_1.png Graphic file (type png)

<use ../figures/webrtcinternals/video_send_1.png>
Package pdftex.def Info: ../figures/webrtcinternals/video_send_1.png used on in
put line 2170.
(pdftex.def)             Requested size: 323.9978pt x 92.40475pt.

<../figures/webrtcinternals/video_send_2.png, id=448, 557.08125pt x 153.57375pt
>
File: ../figures/webrtcinternals/video_send_2.png Graphic file (type png)
 <use ../figures/webrtcinternals/video_send_2.png>
Package pdftex.def Info: ../figures/webrtcinternals/video_send_2.png used on in
put line 2176.
(pdftex.def)             Requested size: 323.9978pt x 89.31888pt.
 [70

 <../figures/webrtcinternals/video_send_1.png> <../figures/webrtcinternals/vide
o_send_2.png>] [71

]
Underfull \vbox (badness 2951) has occurred while \output is active []

 [72

])
(./webrct-book.bbl [73] [74

]) [75] (./webrct-book.aux)

LaTeX Warning: There were multiply-defined labels.

 ) 
Here is how much of TeX's memory you used:
 9310 strings out of 493469
 132457 string characters out of 6145530
 326819 words of memory out of 5000000
 12513 multiletter control sequences out of 15000+600000
 49053 words of font info for 69 fonts, out of 8000000 for 9000
 902 hyphenation exceptions out of 8191
 40i,10n,67p,432b,1916s stack positions out of 5000i,500n,10000p,200000b,80000s
{/usr/share/texlive/texmf-dist/fonts/enc/dvips/base/8r.enc}</usr/share/texliv
e/texmf-dist/fonts/type1/public/amsfonts/cm/cmmi10.pfb></usr/share/texlive/texm
f-dist/fonts/type1/public/amsfonts/cm/cmr10.pfb></usr/share/texlive/texmf-dist/
fonts/type1/public/amsfonts/cm/cmr8.pfb></usr/share/texlive/texmf-dist/fonts/ty
pe1/public/amsfonts/cm/cmsy8.pfb></usr/share/texlive/texmf-dist/fonts/type1/urw
/courier/ucrb8a.pfb></usr/share/texlive/texmf-dist/fonts/type1/urw/courier/ucrr
8a.pfb></usr/share/texlive/texmf-dist/fonts/type1/urw/times/utmb8a.pfb></usr/sh
are/texlive/texmf-dist/fonts/type1/urw/times/utmr8a.pfb></usr/share/texlive/tex
mf-dist/fonts/type1/urw/times/utmri8a.pfb>
Output written on webrct-book.pdf (75 pages, 1792499 bytes).
PDF statistics:
 503 PDF objects out of 1000 (max. 8388607)
 298 compressed objects within 3 object streams
 0 named destinations out of 1000 (max. 500000)
 106 words of extra memory for PDF output out of 10000 (max. 10000000)

